---------------------------------------------------------------
[2021-03-18T09:14:15+08:00] ::1 GET localhost/yzn/admin/index/index.html
[运行时间：0.043785s] [吞吐率：22.84req/s] [内存消耗：2,433.45kb] [文件加载：77]
[ info ] [ LANG ] E:\UPUPW_AP7.0_64\htdocs\yzn\thinkphp\lang\zh-cn.php
[ info ] [ ROUTE ] array (
)
[ info ] [ HEADER ] array (
  'host' => 'localhost',
  'connection' => 'keep-alive',
  'sec-ch-ua' => '"Google Chrome";v="89", "Chromium";v="89", ";Not A Brand";v="99"',
  'sec-ch-ua-mobile' => '?0',
  'upgrade-insecure-requests' => '1',
  'user-agent' => 'Mozilla/5.0 (Windows NT 10.0; Win64; x64) AppleWebKit/537.36 (KHTML, like Gecko) Chrome/89.0.4389.82 Safari/537.36',
  'accept' => 'text/html,application/xhtml+xml,application/xml;q=0.9,image/avif,image/webp,image/apng,*/*;q=0.8,application/signed-exchange;v=b3;q=0.9',
  'sec-fetch-site' => 'none',
  'sec-fetch-mode' => 'navigate',
  'sec-fetch-user' => '?1',
  'sec-fetch-dest' => 'document',
  'accept-encoding' => 'gzip, deflate, br',
  'accept-language' => 'zh-CN,zh;q=0.9',
  'cookie' => 'Hm_lvt_eaa57ca47dacb4ad4f5a257001a3457c=1615945135',
)
[ info ] [ PARAM ] array (
)
---------------------------------------------------------------
[2021-03-18T09:14:15+08:00] ::1 GET localhost/yzn/admin/index/login.html
[运行时间：0.022514s] [吞吐率：44.42req/s] [内存消耗：2,636.79kb] [文件加载：79]
[ info ] [ LANG ] E:\UPUPW_AP7.0_64\htdocs\yzn\thinkphp\lang\zh-cn.php
[ info ] [ ROUTE ] array (
)
[ info ] [ HEADER ] array (
  'host' => 'localhost',
  'connection' => 'keep-alive',
  'upgrade-insecure-requests' => '1',
  'user-agent' => 'Mozilla/5.0 (Windows NT 10.0; Win64; x64) AppleWebKit/537.36 (KHTML, like Gecko) Chrome/89.0.4389.82 Safari/537.36',
  'accept' => 'text/html,application/xhtml+xml,application/xml;q=0.9,image/avif,image/webp,image/apng,*/*;q=0.8,application/signed-exchange;v=b3;q=0.9',
  'sec-fetch-site' => 'none',
  'sec-fetch-mode' => 'navigate',
  'sec-fetch-user' => '?1',
  'sec-fetch-dest' => 'document',
  'sec-ch-ua' => '"Google Chrome";v="89", "Chromium";v="89", ";Not A Brand";v="99"',
  'sec-ch-ua-mobile' => '?0',
  'accept-encoding' => 'gzip, deflate, br',
  'accept-language' => 'zh-CN,zh;q=0.9',
  'cookie' => 'Hm_lvt_eaa57ca47dacb4ad4f5a257001a3457c=1615945135; PHPSESSID=v46anjn7fme8spfiha2835btj7',
)
[ info ] [ PARAM ] array (
)
[ info ] [ VIEW ] E:\UPUPW_AP7.0_64\htdocs\yzn\application\admin\view\index\login.html [ array (
) ]
---------------------------------------------------------------
[2021-03-18T09:14:15+08:00] ::1 GET localhost/yzn/api/checkcode/getverify/font_size/18/imageW/130/imageH/38.html
[运行时间：0.021743s] [吞吐率：45.99req/s] [内存消耗：2,304.13kb] [文件加载：69]
[ info ] [ LANG ] E:\UPUPW_AP7.0_64\htdocs\yzn\thinkphp\lang\zh-cn.php
[ info ] [ ROUTE ] array (
)
[ info ] [ HEADER ] array (
  'host' => 'localhost',
  'connection' => 'keep-alive',
  'sec-ch-ua' => '"Google Chrome";v="89", "Chromium";v="89", ";Not A Brand";v="99"',
  'sec-ch-ua-mobile' => '?0',
  'user-agent' => 'Mozilla/5.0 (Windows NT 10.0; Win64; x64) AppleWebKit/537.36 (KHTML, like Gecko) Chrome/89.0.4389.82 Safari/537.36',
  'accept' => 'image/avif,image/webp,image/apng,image/svg+xml,image/*,*/*;q=0.8',
  'sec-fetch-site' => 'same-origin',
  'sec-fetch-mode' => 'no-cors',
  'sec-fetch-dest' => 'image',
  'referer' => 'http://localhost/yzn/admin/index/login.html',
  'accept-encoding' => 'gzip, deflate, br',
  'accept-language' => 'zh-CN,zh;q=0.9',
  'cookie' => 'Hm_lvt_eaa57ca47dacb4ad4f5a257001a3457c=1615945135; PHPSESSID=v46anjn7fme8spfiha2835btj7',
)
[ info ] [ PARAM ] array (
  'font_size' => '18',
  'imageW' => '130',
  'imageH' => '38',
)
---------------------------------------------------------------
[2021-03-18T09:14:18+08:00] ::1 GET localhost/yzn/
[运行时间：0.059277s] [吞吐率：16.87req/s] [内存消耗：4,272.72kb] [文件加载：93]
[ info ] [ LANG ] E:\UPUPW_AP7.0_64\htdocs\yzn\thinkphp\lang\zh-cn.php
[ info ] [ ROUTE ] array (
)
[ info ] [ HEADER ] array (
  'host' => 'localhost',
  'connection' => 'keep-alive',
  'upgrade-insecure-requests' => '1',
  'user-agent' => 'Mozilla/5.0 (Windows NT 10.0; Win64; x64) AppleWebKit/537.36 (KHTML, like Gecko) Chrome/89.0.4389.82 Safari/537.36',
  'accept' => 'text/html,application/xhtml+xml,application/xml;q=0.9,image/avif,image/webp,image/apng,*/*;q=0.8,application/signed-exchange;v=b3;q=0.9',
  'purpose' => 'prefetch',
  'sec-fetch-site' => 'none',
  'sec-fetch-mode' => 'navigate',
  'sec-fetch-user' => '?1',
  'sec-fetch-dest' => 'document',
  'sec-ch-ua' => '"Google Chrome";v="89", "Chromium";v="89", ";Not A Brand";v="99"',
  'sec-ch-ua-mobile' => '?0',
  'accept-encoding' => 'gzip, deflate, br',
  'accept-language' => 'zh-CN,zh;q=0.9',
  'cookie' => 'Hm_lvt_eaa57ca47dacb4ad4f5a257001a3457c=1615945135; PHPSESSID=v46anjn7fme8spfiha2835btj7; Hm_lvt_03a2e089adce6cf921afe1062c5c25a0=1616030056; Hm_lpvt_03a2e089adce6cf921afe1062c5c25a0=1616030056',
)
[ info ] [ PARAM ] array (
)
[ info ] [ DB ] INIT mysql
[ info ] [ VIEW ] E:\UPUPW_AP7.0_64\htdocs\yzn\application\index\view\index\index.html [ array (
  0 => '_list',
) ]
[ sql ] [ DB ] CONNECT:[ UseTime:0.002939s ] mysql:host=127.0.0.1;port=3306;dbname=yzn;charset=utf8
[ sql ] [ SQL ] SHOW COLUMNS FROM `yzn_module` [ RunTime:0.006671s ]
[ sql ] [ SQL ] SELECT `setting` FROM `yzn_module` WHERE  `module` = 'cms' LIMIT 1 [ RunTime:0.000659s ]
[ sql ] [ SQL ] SHOW COLUMNS FROM `yzn_category` [ RunTime:0.003648s ]
[ sql ] [ SQL ] SELECT * FROM `yzn_category` WHERE  `status` = 1  AND `type` = 1  AND `parentid` = 1 ORDER BY `listorder`,`id` LIMIT 5 [ RunTime:0.000460s ]
